<?xml version="1.0" encoding="UTF-8"?>
<testng-results skipped="0" failed="0" ignored="0" total="1" passed="1">
  <reporter-output>
  </reporter-output>
  <suite name="Default suite" duration-ms="28492" started-at="2019-08-08T09:56:29Z" finished-at="2019-08-08T09:56:57Z">
    <groups>
    </groups>
    <test name="Default test" duration-ms="28492" started-at="2019-08-08T09:56:29Z" finished-at="2019-08-08T09:56:57Z">
      <class name="com.mycompany.app.DataDriven.testCases.Login">
        <test-method status="PASS" signature="login(java.lang.String, java.lang.String)[pri:0, instance:com.mycompany.app.DataDriven.testCases.Login@1bb266b3]" name="login" duration-ms="26484" started-at="2019-08-08T09:56:31Z" data-provider="getTestData" finished-at="2019-08-08T09:56:57Z">
          <params>
            <param index="0">
              <value>
                <![CDATA[9.000888232E9]]>
              </value>
            </param>
            <param index="1">
              <value>
                <![CDATA[abcd#1234]]>
              </value>
            </param>
          </params>
          <reporter-output>
          </reporter-output>
        </test-method> <!-- login -->
      </class> <!-- com.mycompany.app.DataDriven.testCases.Login -->
    </test> <!-- Default test -->
  </suite> <!-- Default suite -->
</testng-results>
